2024-07-01 21:46:03 - Error connecting to Jexactyl: Failed to parse: http://localhost:port
2024-07-01 21:46:03 - Restarting Jexactyl services...
2024-07-01 21:46:03 - Failed to send email: [Errno -2] Name or service not known
2024-07-01 21:46:13 - Error connecting to Jexactyl: Failed to parse: http://localhost:port
2024-07-01 21:46:13 - Restarting Jexactyl services...
2024-07-01 21:46:13 - Failed to send email: [Errno -2] Name or service not known
2024-07-01 21:46:23 - Error connecting to Jexactyl: Failed to parse: http://localhost:port
2024-07-01 21:46:23 - Restarting Jexactyl services...
2024-07-01 21:46:23 - Failed to send email: [Errno -2] Name or service not known
2024-07-01 21:46:33 - Error connecting to Jexactyl: Failed to parse: http://localhost:port
2024-07-01 21:46:33 - Restarting Jexactyl services...
2024-07-01 21:46:33 - Failed to send email: [Errno -2] Name or service not known
2024-07-01 21:46:43 - Error connecting to Jexactyl: Failed to parse: http://localhost:port
2024-07-01 21:46:43 - Restarting Jexactyl services...
2024-07-01 21:46:43 - Failed to send email: [Errno -2] Name or service not known
2024-07-01 21:46:53 - Error connecting to Jexactyl: Failed to parse: http://localhost:port
2024-07-01 21:46:53 - Restarting Jexactyl services...
2024-07-01 21:46:53 - Failed to send email: [Errno -2] Name or service not known
2024-07-01 21:47:03 - Error connecting to Jexactyl: Failed to parse: http://localhost:port
2024-07-01 21:47:03 - Restarting Jexactyl services...
2024-07-01 21:47:03 - Failed to send email: [Errno -2] Name or service not known
2024-07-01 21:47:14 - Error connecting to Jexactyl: Failed to parse: http://localhost:port
2024-07-01 21:47:14 - Restarting Jexactyl services...
2024-07-01 21:47:14 - Failed to send email: [Errno -2] Name or service not known
2024-07-01 21:47:24 - Error connecting to Jexactyl: Failed to parse: http://localhost:port
2024-07-01 21:47:24 - Restarting Jexactyl services...
2024-07-01 21:47:24 - Failed to send email: [Errno -2] Name or service not known
2024-07-01 21:47:34 - Error connecting to Jexactyl: Failed to parse: http://localhost:port
2024-07-01 21:47:34 - Restarting Jexactyl services...
2024-07-01 21:47:34 - Failed to send email: [Errno -2] Name or service not known
2024-07-01 21:47:44 - Error connecting to Jexactyl: Failed to parse: http://localhost:port
2024-07-01 21:47:44 - Restarting Jexactyl services...
2024-07-01 21:47:44 - Failed to send email: [Errno -2] Name or service not known
2024-07-01 21:47:54 - Error connecting to Jexactyl: Failed to parse: http://localhost:port
2024-07-01 21:47:54 - Restarting Jexactyl services...
2024-07-01 21:47:54 - Failed to send email: [Errno -2] Name or service not known
2024-07-01 21:48:04 - Error connecting to Jexactyl: Failed to parse: http://localhost:port
2024-07-01 21:48:04 - Restarting Jexactyl services...
2024-07-01 21:48:04 - Failed to send email: [Errno -2] Name or service not known
2024-07-01 21:48:14 - Error connecting to Jexactyl: Failed to parse: http://localhost:port
2024-07-01 21:48:14 - Restarting Jexactyl services...
2024-07-01 21:48:14 - Failed to send email: [Errno -2] Name or service not known
2024-07-01 21:48:24 - Error connecting to Jexactyl: Failed to parse: http://localhost:port
2024-07-01 21:48:24 - Restarting Jexactyl services...
2024-07-01 21:48:24 - Failed to send email: [Errno -2] Name or service not known
2024-07-01 21:48:34 - Error connecting to Jexactyl: Failed to parse: http://localhost:port
2024-07-01 21:48:34 - Restarting Jexactyl services...
2024-07-01 21:48:34 - Failed to send email: [Errno -2] Name or service not known
2024-07-01 21:48:42 - Monitoring started.
2024-07-01 21:48:42 - Error connecting to Jexactyl: Failed to parse: http://localhost:port
2024-07-01 21:48:42 - Restarting Jexactyl services...
2024-07-01 21:48:42 - Failed to send email: [Errno -2] Name or service not known
2024-07-01 21:48:45 - Monitoring started.
2024-07-01 21:48:45 - Error connecting to Jexactyl: Failed to parse: http://localhost:port
2024-07-01 21:48:45 - Restarting Jexactyl services...
2024-07-01 21:48:45 - Failed to send email: [Errno -2] Name or service not known
2024-07-01 21:48:52 - Error connecting to Jexactyl: Failed to parse: http://localhost:port
2024-07-01 21:48:52 - Restarting Jexactyl services...
2024-07-01 21:48:52 - Failed to send email: [Errno -2] Name or service not known
2024-07-01 21:48:55 - Error connecting to Jexactyl: Failed to parse: http://localhost:port
2024-07-01 21:48:55 - Restarting Jexactyl services...
2024-07-01 21:48:55 - Failed to send email: [Errno -2] Name or service not known
2024-07-01 21:49:02 - Error connecting to Jexactyl: Failed to parse: http://localhost:port
2024-07-01 21:49:02 - Restarting Jexactyl services...
2024-07-01 21:49:02 - Failed to send email: [Errno -2] Name or service not known
2024-07-01 21:49:05 - Error connecting to Jexactyl: Failed to parse: http://localhost:port
2024-07-01 21:49:05 - Restarting Jexactyl services...
2024-07-01 21:49:05 - Failed to send email: [Errno -2] Name or service not known
2024-07-01 21:49:12 - Error connecting to Jexactyl: Failed to parse: http://localhost:port
2024-07-01 21:49:12 - Restarting Jexactyl services...
2024-07-01 21:49:12 - Failed to send email: [Errno -2] Name or service not known
2024-07-01 21:49:15 - Error connecting to Jexactyl: Failed to parse: http://localhost:port
2024-07-01 21:49:15 - Restarting Jexactyl services...
2024-07-01 21:49:15 - Failed to send email: [Errno -2] Name or service not known
2024-07-01 21:49:22 - Error connecting to Jexactyl: Failed to parse: http://localhost:port
2024-07-01 21:49:22 - Restarting Jexactyl services...
2024-07-01 21:49:22 - Failed to send email: [Errno -2] Name or service not known
2024-07-01 21:49:25 - Error connecting to Jexactyl: Failed to parse: http://localhost:port
2024-07-01 21:49:25 - Restarting Jexactyl services...
2024-07-01 21:49:25 - Failed to send email: [Errno -2] Name or service not known
2024-07-01 21:49:32 - Error connecting to Jexactyl: Failed to parse: http://localhost:port
2024-07-01 21:49:32 - Restarting Jexactyl services...
2024-07-01 21:49:32 - Failed to send email: [Errno -2] Name or service not known
2024-07-01 21:49:35 - Error connecting to Jexactyl: Failed to parse: http://localhost:port
2024-07-01 21:49:35 - Restarting Jexactyl services...
2024-07-01 21:49:35 - Failed to send email: [Errno -2] Name or service not known
2024-07-01 21:49:42 - Error connecting to Jexactyl: Failed to parse: http://localhost:port
2024-07-01 21:49:42 - Restarting Jexactyl services...
2024-07-01 21:49:42 - Failed to send email: [Errno -2] Name or service not known
2024-07-01 21:49:45 - Error connecting to Jexactyl: Failed to parse: http://localhost:port
2024-07-01 21:49:45 - Restarting Jexactyl services...
2024-07-01 21:49:45 - Failed to send email: [Errno -2] Name or service not known
2024-07-01 21:49:52 - Error connecting to Jexactyl: Failed to parse: http://localhost:port
2024-07-01 21:49:52 - Restarting Jexactyl services...
2024-07-01 21:49:52 - Failed to send email: [Errno -2] Name or service not known
2024-07-01 21:49:55 - Error connecting to Jexactyl: Failed to parse: http://localhost:port
2024-07-01 21:49:55 - Restarting Jexactyl services...
2024-07-01 21:49:55 - Failed to send email: [Errno -2] Name or service not known
2024-07-01 21:50:02 - Error connecting to Jexactyl: Failed to parse: http://localhost:port
2024-07-01 21:50:02 - Restarting Jexactyl services...
2024-07-01 21:50:02 - Failed to send email: [Errno -2] Name or service not known
2024-07-01 21:50:05 - Error connecting to Jexactyl: Failed to parse: http://localhost:port
2024-07-01 21:50:05 - Restarting Jexactyl services...
2024-07-01 21:50:05 - Failed to send email: [Errno -2] Name or service not known
2024-07-01 21:50:12 - Error connecting to Jexactyl: Failed to parse: http://localhost:port
2024-07-01 21:50:12 - Restarting Jexactyl services...
2024-07-01 21:50:12 - Failed to send email: [Errno -2] Name or service not known
2024-07-01 21:50:15 - Error connecting to Jexactyl: Failed to parse: http://localhost:port
2024-07-01 21:50:15 - Restarting Jexactyl services...
2024-07-01 21:50:15 - Failed to send email: [Errno -2] Name or service not known
2024-07-01 21:50:22 - Error connecting to Jexactyl: Failed to parse: http://localhost:port
2024-07-01 21:50:22 - Restarting Jexactyl services...
2024-07-01 21:50:22 - Failed to send email: [Errno -2] Name or service not known
2024-07-01 21:50:25 - Error connecting to Jexactyl: Failed to parse: http://localhost:port
2024-07-01 21:50:25 - Restarting Jexactyl services...
2024-07-01 21:50:25 - Failed to send email: [Errno -2] Name or service not known
2024-07-01 21:50:32 - Error connecting to Jexactyl: Failed to parse: http://localhost:port
2024-07-01 21:50:32 - Restarting Jexactyl services...
2024-07-01 21:50:32 - Failed to send email: [Errno -2] Name or service not known
2024-07-01 21:50:35 - Error connecting to Jexactyl: Failed to parse: http://localhost:port
2024-07-01 21:50:35 - Restarting Jexactyl services...
2024-07-01 21:50:35 - Failed to send email: [Errno -2] Name or service not known
2024-07-01 21:50:42 - Error connecting to Jexactyl: Failed to parse: http://localhost:port
2024-07-01 21:50:42 - Restarting Jexactyl services...
2024-07-01 21:50:42 - Failed to send email: [Errno -2] Name or service not known
2024-07-01 21:50:45 - Error connecting to Jexactyl: Failed to parse: http://localhost:port
2024-07-01 21:50:45 - Restarting Jexactyl services...
2024-07-01 21:50:45 - Failed to send email: [Errno -2] Name or service not known
2024-07-01 21:50:52 - Error connecting to Jexactyl: Failed to parse: http://localhost:port
2024-07-01 21:50:52 - Restarting Jexactyl services...
2024-07-01 21:50:52 - Failed to send email: [Errno -2] Name or service not known
2024-07-01 21:50:55 - Error connecting to Jexactyl: Failed to parse: http://localhost:port
2024-07-01 21:50:55 - Restarting Jexactyl services...
2024-07-01 21:50:55 - Failed to send email: [Errno -2] Name or service not known
2024-07-01 21:51:02 - Error connecting to Jexactyl: Failed to parse: http://localhost:port
2024-07-01 21:51:02 - Restarting Jexactyl services...
2024-07-01 21:51:02 - Failed to send email: [Errno -2] Name or service not known
2024-07-01 21:51:05 - Error connecting to Jexactyl: Failed to parse: http://localhost:port
2024-07-01 21:51:05 - Restarting Jexactyl services...
2024-07-01 21:51:05 - Failed to send email: [Errno -2] Name or service not known
2024-07-01 21:51:12 - Error connecting to Jexactyl: Failed to parse: http://localhost:port
2024-07-01 21:51:12 - Restarting Jexactyl services...
2024-07-01 21:51:12 - Failed to send email: [Errno -2] Name or service not known
2024-07-01 21:51:15 - Error connecting to Jexactyl: Failed to parse: http://localhost:port
2024-07-01 21:51:15 - Restarting Jexactyl services...
2024-07-01 21:51:15 - Failed to send email: [Errno -2] Name or service not known
2024-07-01 21:51:22 - Error connecting to Jexactyl: Failed to parse: http://localhost:port
2024-07-01 21:51:22 - Restarting Jexactyl services...
2024-07-01 21:51:22 - Failed to send email: [Errno -2] Name or service not known
2024-07-01 21:51:25 - Error connecting to Jexactyl: Failed to parse: http://localhost:port
2024-07-01 21:51:25 - Restarting Jexactyl services...
2024-07-01 21:51:25 - Failed to send email: [Errno -2] Name or service not known
2024-07-01 21:51:32 - Error connecting to Jexactyl: Failed to parse: http://localhost:port
2024-07-01 21:51:32 - Restarting Jexactyl services...
2024-07-01 21:51:32 - Failed to send email: [Errno -2] Name or service not known
2024-07-01 21:51:35 - Error connecting to Jexactyl: Failed to parse: http://localhost:port
2024-07-01 21:51:35 - Restarting Jexactyl services...
2024-07-01 21:51:35 - Failed to send email: [Errno -2] Name or service not known
2024-07-01 21:51:42 - Error connecting to Jexactyl: Failed to parse: http://localhost:port
2024-07-01 21:51:42 - Restarting Jexactyl services...
2024-07-01 21:51:42 - Failed to send email: [Errno -2] Name or service not known
2024-07-01 21:56:39 - Monitoring started.
2024-07-01 21:56:39 - Error connecting to Jexactyl: Failed to parse: http://localhost:port
2024-07-01 21:56:39 - Restarting Jexactyl services...
2024-07-01 21:56:39 - Failed to send email: [Errno -2] Name or service not known
2024-07-01 21:59:55 - Monitoring started.
2024-07-01 21:59:55 - Error connecting to Jexactyl: HTTPConnectionPool(host='your_jexactyl_url', port=80): Max retries exceeded with url: / (Caused by NewConnectionError('<urllib3.connection.HTTPConnection object at 0x7f1518cb7820>: Failed to establish a new connection: [Errno -2] Name or service not known'))
2024-07-01 21:59:55 - Restarting Jexactyl services...
2024-07-01 21:59:55 - Failed to send email: [Errno -2] Name or service not known
2024-07-01 22:00:55 - Error connecting to Jexactyl: HTTPConnectionPool(host='your_jexactyl_url', port=80): Max retries exceeded with url: / (Caused by NewConnectionError('<urllib3.connection.HTTPConnection object at 0x7f15182d3940>: Failed to establish a new connection: [Errno -2] Name or service not known'))
2024-07-01 22:00:55 - Restarting Jexactyl services...
2024-07-01 22:00:55 - Failed to send email: [Errno -2] Name or service not known
2024-07-01 22:01:45 - Monitoring started.
2024-07-01 22:01:45 - Error connecting to Jexactyl: HTTPConnectionPool(host='your_jexactyl_url', port=80): Max retries exceeded with url: / (Caused by NewConnectionError('<urllib3.connection.HTTPConnection object at 0x7885642fc0d0>: Failed to establish a new connection: [Errno -2] Name or service not known'))
2024-07-01 22:01:45 - Restarting Jexactyl services...
2024-07-01 22:01:45 - Failed to send email: [Errno -2] Name or service not known
